[debug] [2021-05-28T10:54:07.191Z] ----------------------------------------------------------------------
[debug] [2021-05-28T10:54:07.194Z] Command:       C:\Program Files\nodejs\node.exe C:\Users\Ayush Shukla\AppData\Roaming\npm\node_modules\firebase-tools\lib\bin\firebase.js init
[debug] [2021-05-28T10:54:07.195Z] CLI Version:   9.12.0
[debug] [2021-05-28T10:54:07.195Z] Platform:      win32
[debug] [2021-05-28T10:54:07.195Z] Node Version:  v14.17.0
[debug] [2021-05-28T10:54:07.197Z] Time:          Fri May 28 2021 16:24:07 GMT+0530 (India Standard Time)
[debug] [2021-05-28T10:54:07.197Z] ----------------------------------------------------------------------
[debug] 
[debug] [2021-05-28T10:54:07.205Z] > command requires scopes: ["email","openid","https://www.googleapis.com/auth/cloudplatformprojects.readonly","https://www.googleapis.com/auth/firebase","https://www.googleapis.com/auth/cloud-platform"]
[debug] [2021-05-28T10:54:07.206Z] > authorizing via signed-in user (dukeayush195@gmail.com)
[info] 
     ######## #### ########  ######## ########     ###     ######  ########
     ##        ##  ##     ## ##       ##     ##  ##   ##  ##       ##
     ######    ##  ########  ######   ########  #########  ######  ######
     ##        ##  ##    ##  ##       ##     ## ##     ##       ## ##
     ##       #### ##     ## ######## ########  ##     ##  ######  ########

You're about to initialize a Firebase project in this directory:

  C:\Users\Ayush Shukla\Desktop\Weather-Node-Project1

[info] 
=== Project Setup
[info] 
[info] First, let's associate this project directory with a Firebase project.
[info] You can create multiple project aliases by running firebase use --add, 
[info] but for now we'll just set up a default project.
[info] 
